This file contains any messages produced by compilers while
running configure, to aid debugging if configure makes a mistake.

It was created by odeSolver configure 1.6.0, which was
generated by GNU Autoconf 2.59.  Invocation command line was

  $ ./configure --prefix=/mingw --with-libsbml=/mingw --with-sundials=/mingw

## --------- ##
## Platform. ##
## --------- ##

hostname = piiswrong-PC
uname -m = i686
uname -r = 1.0.11(0.46/3/2)
uname -s = MINGW32_NT-6.1
uname -v = 2009-07-11 17:46

/usr/bin/uname -p = unknown
/bin/uname -X     = unknown

/bin/arch              = unknown
/usr/bin/arch -k       = unknown
/usr/convex/getsysinfo = unknown
hostinfo               = unknown
/bin/machine           = unknown
/usr/bin/oslevel       = unknown
/bin/universe          = unknown

PATH: .
PATH: /usr/local/bin
PATH: /mingw/bin
PATH: /bin
PATH: /c/Windows/system32
PATH: /c/Windows
PATH: /c/Windows/System32/Wbem
PATH: /c/Windows/System32/WindowsPowerShell/v1.0/
PATH: /c/Program Files/ATI Technologies/ATI.ACE/Core-Static
PATH: /c/Program Files/Microsoft SQL Server/100/Tools/Binn/
PATH: /c/Program Files/Microsoft SQL Server/100/DTS/Binn/
PATH: /d/MySQL/bin
PATH: /c/Program Files/MATLAB/R2011a/runtime/win32
PATH: /c/Program Files/MATLAB/R2011a/bin
PATH: /c/Program Files/Common Files/Thunder Network/KanKan/Codecs
PATH: /c/Program Files/Mercurial
PATH: /c/Program Files/CMake 2.8/bin
PATH: /mingw/bin


## ----------- ##
## Core tests. ##
## ----------- ##

configure:1379: checking for a BSD-compatible install
configure:1434: result: /bin/install -c
configure:1445: checking whether build environment is sane
configure:1488: result: yes
configure:1553: checking for gawk
configure:1569: found /bin/gawk
configure:1579: result: gawk
configure:1589: checking whether make sets $(MAKE)
configure:1609: result: yes
configure:1784: checking build system type
configure:1802: result: i686-pc-mingw32
configure:1810: checking host system type
configure:1824: result: i686-pc-mingw32
configure:1915: checking for g++
configure:1931: found /mingw/bin/g++
configure:1941: result: g++
configure:1957: checking for C++ compiler version
configure:1960: g++ --version </dev/null >&5
g++.exe (GCC) 4.5.2
Copyright (C) 2010 Free Software Foundation, Inc.
This is free software; see the source for copying conditions.  There is NO
warranty; not even for MERCHANTABILITY or FITNESS FOR A PARTICULAR PURPOSE.

configure:1963: $? = 0
configure:1965: g++ -v </dev/null >&5
Using built-in specs.
COLLECT_GCC=d:\qt\mingw\bin\g++.exe
COLLECT_LTO_WRAPPER=d:/qt/mingw/bin/../libexec/gcc/mingw32/4.5.2/lto-wrapper.exe
Target: mingw32
Configured with: ../gcc-4.5.2/configure --enable-languages=c,c++,ada,fortran,objc,obj-c++ --disable-sjlj-exceptions --with-dwarf2 --enable-shared --enable-libgomp --disable-win32-registry --enable-libstdcxx-debug --enable-version-specific-runtime-libs --disable-werror --build=mingw32 --prefix=/mingw
Thread model: win32
gcc version 4.5.2 (GCC) 
configure:1968: $? = 0
configure:1970: g++ -V </dev/null >&5
g++.exe: '-V' option must have argument
configure:1973: $? = 1
configure:1996: checking for C++ compiler default output file name
configure:1999: g++    conftest.cc  >&5
configure:2002: $? = 0
configure:2048: result: a.exe
configure:2053: checking whether the C++ compiler works
configure:2059: ./a.exe
configure:2062: $? = 0
configure:2079: result: yes
configure:2086: checking whether we are cross compiling
configure:2088: result: no
configure:2091: checking for suffix of executables
configure:2093: g++ -o conftest.exe    conftest.cc  >&5
configure:2096: $? = 0
configure:2121: result: .exe
configure:2127: checking for suffix of object files
configure:2148: g++ -c   conftest.cc >&5
configure:2151: $? = 0
configure:2173: result: o
configure:2177: checking whether we are using the GNU C++ compiler
configure:2201: g++ -c   conftest.cc >&5
configure:2207: $? = 0
configure:2211: test -z 
			 || test ! -s conftest.err
configure:2214: $? = 0
configure:2217: test -s conftest.o
configure:2220: $? = 0
configure:2233: result: yes
configure:2239: checking whether g++ accepts -g
configure:2260: g++ -c -g  conftest.cc >&5
configure:2266: $? = 0
configure:2270: test -z 
			 || test ! -s conftest.err
configure:2273: $? = 0
configure:2276: test -s conftest.o
configure:2279: $? = 0
configure:2290: result: yes
configure:2332: g++ -c -g -O2  conftest.cc >&5
configure:2338: $? = 0
configure:2342: test -z 
			 || test ! -s conftest.err
configure:2345: $? = 0
configure:2348: test -s conftest.o
configure:2351: $? = 0
configure:2377: g++ -c -g -O2  conftest.cc >&5
conftest.cc: In function 'int main()':
conftest.cc:15:9: error: 'exit' was not declared in this scope
configure:2383: $? = 1
configure: failed program was:
| /* confdefs.h.  */
| 
| #define PACKAGE_NAME "odeSolver"
| #define PACKAGE_TARNAME "SBML_odeSolver"
| #define PACKAGE_VERSION "1.6.0"
| #define PACKAGE_STRING "odeSolver 1.6.0"
| #define PACKAGE_BUGREPORT "{raim,xtof}@tbi.univie.ac.at"
| #define PACKAGE "SBML_odeSolver"
| #define VERSION "1.6.0"
| /* end confdefs.h.  */
| 
| int
| main ()
| {
| exit (42);
|   ;
|   return 0;
| }
configure:2332: g++ -c -g -O2  conftest.cc >&5
conftest.cc:11:40: error: 'void std::exit(int)' should have been declared inside 'std'
In file included from conftest.cc:12:0:
d:\qt\mingw\bin\../lib/gcc/mingw32/4.5.2/../../../../include/stdlib.h:368:49: error: declaration of 'void std::exit(int)' throws different exceptions
conftest.cc:11:17: error: from previous declaration 'void std::exit(int) throw ()'
configure:2338: $? = 1
configure: failed program was:
| /* confdefs.h.  */
| 
| #define PACKAGE_NAME "odeSolver"
| #define PACKAGE_TARNAME "SBML_odeSolver"
| #define PACKAGE_VERSION "1.6.0"
| #define PACKAGE_STRING "odeSolver 1.6.0"
| #define PACKAGE_BUGREPORT "{raim,xtof}@tbi.univie.ac.at"
| #define PACKAGE "SBML_odeSolver"
| #define VERSION "1.6.0"
| /* end confdefs.h.  */
| extern "C" void std::exit (int) throw (); using std::exit;
| #include <stdlib.h>
| int
| main ()
| {
| exit (42);
|   ;
|   return 0;
| }
configure:2332: g++ -c -g -O2  conftest.cc >&5
conftest.cc:11:31: error: 'void std::exit(int)' should have been declared inside 'std'
configure:2338: $? = 1
configure: failed program was:
| /* confdefs.h.  */
| 
| #define PACKAGE_NAME "odeSolver"
| #define PACKAGE_TARNAME "SBML_odeSolver"
| #define PACKAGE_VERSION "1.6.0"
| #define PACKAGE_STRING "odeSolver 1.6.0"
| #define PACKAGE_BUGREPORT "{raim,xtof}@tbi.univie.ac.at"
| #define PACKAGE "SBML_odeSolver"
| #define VERSION "1.6.0"
| /* end confdefs.h.  */
| extern "C" void std::exit (int); using std::exit;
| #include <stdlib.h>
| int
| main ()
| {
| exit (42);
|   ;
|   return 0;
| }
configure:2332: g++ -c -g -O2  conftest.cc >&5
In file included from conftest.cc:12:0:
d:\qt\mingw\bin\../lib/gcc/mingw32/4.5.2/../../../../include/stdlib.h:368:49: error: declaration of 'void exit(int)' throws different exceptions
conftest.cc:11:17: error: from previous declaration 'void exit(int) throw ()'
configure:2338: $? = 1
configure: failed program was:
| /* confdefs.h.  */
| 
| #define PACKAGE_NAME "odeSolver"
| #define PACKAGE_TARNAME "SBML_odeSolver"
| #define PACKAGE_VERSION "1.6.0"
| #define PACKAGE_STRING "odeSolver 1.6.0"
| #define PACKAGE_BUGREPORT "{raim,xtof}@tbi.univie.ac.at"
| #define PACKAGE "SBML_odeSolver"
| #define VERSION "1.6.0"
| /* end confdefs.h.  */
| extern "C" void exit (int) throw ();
| #include <stdlib.h>
| int
| main ()
| {
| exit (42);
|   ;
|   return 0;
| }
configure:2332: g++ -c -g -O2  conftest.cc >&5
configure:2338: $? = 0
configure:2342: test -z 
			 || test ! -s conftest.err
configure:2345: $? = 0
configure:2348: test -s conftest.o
configure:2351: $? = 0
configure:2377: g++ -c -g -O2  conftest.cc >&5
configure:2383: $? = 0
configure:2387: test -z 
			 || test ! -s conftest.err
configure:2390: $? = 0
configure:2393: test -s conftest.o
configure:2396: $? = 0
configure:2430: checking for style of include used by make
configure:2458: result: GNU
configure:2486: checking dependency style of g++
configure:2576: result: gcc3
configure:2639: checking for gcc
configure:2655: found /mingw/bin/gcc
configure:2665: result: gcc
configure:2909: checking for C compiler version
configure:2912: gcc --version </dev/null >&5
gcc.exe (GCC) 4.5.2
Copyright (C) 2010 Free Software Foundation, Inc.
This is free software; see the source for copying conditions.  There is NO
warranty; not even for MERCHANTABILITY or FITNESS FOR A PARTICULAR PURPOSE.

configure:2915: $? = 0
configure:2917: gcc -v </dev/null >&5
Using built-in specs.
COLLECT_GCC=d:\qt\mingw\bin\gcc.exe
COLLECT_LTO_WRAPPER=d:/qt/mingw/bin/../libexec/gcc/mingw32/4.5.2/lto-wrapper.exe
Target: mingw32
Configured with: ../gcc-4.5.2/configure --enable-languages=c,c++,ada,fortran,objc,obj-c++ --disable-sjlj-exceptions --with-dwarf2 --enable-shared --enable-libgomp --disable-win32-registry --enable-libstdcxx-debug --enable-version-specific-runtime-libs --disable-werror --build=mingw32 --prefix=/mingw
Thread model: win32
gcc version 4.5.2 (GCC) 
configure:2920: $? = 0
configure:2922: gcc -V </dev/null >&5
gcc.exe: '-V' option must have argument
configure:2925: $? = 1
configure:2928: checking whether we are using the GNU C compiler
configure:2952: gcc -c   conftest.c >&5
configure:2958: $? = 0
configure:2962: test -z 
			 || test ! -s conftest.err
configure:2965: $? = 0
configure:2968: test -s conftest.o
configure:2971: $? = 0
configure:2984: result: yes
configure:2990: checking whether gcc accepts -g
configure:3011: gcc -c -g  conftest.c >&5
configure:3017: $? = 0
configure:3021: test -z 
			 || test ! -s conftest.err
configure:3024: $? = 0
configure:3027: test -s conftest.o
configure:3030: $? = 0
configure:3041: result: yes
configure:3058: checking for gcc option to accept ANSI C
configure:3128: gcc  -c -g -O2  conftest.c >&5
configure:3134: $? = 0
configure:3138: test -z 
			 || test ! -s conftest.err
configure:3141: $? = 0
configure:3144: test -s conftest.o
configure:3147: $? = 0
configure:3165: result: none needed
configure:3183: gcc -c -g -O2  conftest.c >&5
conftest.c:2:9: error: expected '=', ',', ';', 'asm' or '__attribute__' before 'me'
configure:3189: $? = 1
configure: failed program was:
| #ifndef __cplusplus
|   choke me
| #endif
configure:3324: checking dependency style of gcc
configure:3414: result: gcc3
configure:3436: checking how to run the C preprocessor
configure:3471: gcc -E  conftest.c
configure:3477: $? = 0
configure:3509: gcc -E  conftest.c
conftest.c:14:28: fatal error: ac_nonexistent.h: No such file or directory
compilation terminated.
configure:3515: $? = 1
configure: failed program was:
| /* confdefs.h.  */
| 
| #define PACKAGE_NAME "odeSolver"
| #define PACKAGE_TARNAME "SBML_odeSolver"
| #define PACKAGE_VERSION "1.6.0"
| #define PACKAGE_STRING "odeSolver 1.6.0"
| #define PACKAGE_BUGREPORT "{raim,xtof}@tbi.univie.ac.at"
| #define PACKAGE "SBML_odeSolver"
| #define VERSION "1.6.0"
| #ifdef __cplusplus
| extern "C" void exit (int);
| #endif
| /* end confdefs.h.  */
| #include <ac_nonexistent.h>
configure:3554: result: gcc -E
configure:3578: gcc -E  conftest.c
configure:3584: $? = 0
configure:3616: gcc -E  conftest.c
conftest.c:14:28: fatal error: ac_nonexistent.h: No such file or directory
compilation terminated.
configure:3622: $? = 1
configure: failed program was:
| /* confdefs.h.  */
| 
| #define PACKAGE_NAME "odeSolver"
| #define PACKAGE_TARNAME "SBML_odeSolver"
| #define PACKAGE_VERSION "1.6.0"
| #define PACKAGE_STRING "odeSolver 1.6.0"
| #define PACKAGE_BUGREPORT "{raim,xtof}@tbi.univie.ac.at"
| #define PACKAGE "SBML_odeSolver"
| #define VERSION "1.6.0"
| #ifdef __cplusplus
| extern "C" void exit (int);
| #endif
| /* end confdefs.h.  */
| #include <ac_nonexistent.h>
configure:3706: checking for ranlib
configure:3722: found /mingw/bin/ranlib
configure:3733: result: ranlib
configure:3758: checking for a BSD-compatible install
configure:3813: result: /bin/install -c
configure:3824: checking whether make sets $(MAKE)
configure:3844: result: yes
configure:3856: checking for autoconf
configure:3874: found /mingw/bin/autoconf
configure:3887: result: /mingw/bin/autoconf
configure:3896: checking for aclocal
configure:3914: found /mingw/bin/aclocal
configure:3927: result: /mingw/bin/aclocal
configure:3936: checking for make
configure:3954: found /bin/make
configure:3967: result: /bin/make
configure:3976: checking for ar
configure:3994: found /mingw/bin/ar
configure:4007: result: /mingw/bin/ar
configure:4016: checking for swig
configure:4047: result: swig
configure:4056: checking for perl
configure:4074: found /bin/perl
configure:4087: result: /bin/perl
configure:4165: checking for SBML Library Version
configure:4182: found SBML Library Version 
configure:4197: checking correct functioning of SBML
configure:4227: gcc -o conftest.exe -g -O2 -I/mingw/include -I/mingw/include/sbml   -Wl,-rpath,/mingw/lib -L/mingw/lib conftest.c  -lxerces-c -lsbml >&5
configure:4233: $? = 0
configure:4237: test -z 
			 || test ! -s conftest.err
configure:4240: $? = 0
configure:4243: test -s conftest.exe
configure:4246: $? = 0
configure:4259: result: yes
configure:4362: checking correct functioning of SUNDIALS CVODE
configure:4392: gcc -o conftest.exe -g -O2 -I/mingw/include   -L/mingw/lib conftest.c  -lsundials_kinsol -lsundials_cvodes -lsundials_cvode -lsundials_nvecserial -lsundials_shared -lm >&5
configure:4398: $? = 0
configure:4402: test -z 
			 || test ! -s conftest.err
configure:4405: $? = 0
configure:4408: test -s conftest.exe
configure:4411: $? = 0
configure:4424: result: yes
configure:4473: checking for GRACE Library headers
configure:4492: checking for GRACE Library
configure:4526: checking correct functioning of GRACE
configure:4556: gcc -o conftest.exe -g -O2     conftest.c   >&5
conftest.c:17:22: fatal error: grace_np.h: No such file or directory
compilation terminated.
configure:4562: $? = 1
configure: failed program was:
| /* confdefs.h.  */
| 
| #define PACKAGE_NAME "odeSolver"
| #define PACKAGE_TARNAME "SBML_odeSolver"
| #define PACKAGE_VERSION "1.6.0"
| #define PACKAGE_STRING "odeSolver 1.6.0"
| #define PACKAGE_BUGREPORT "{raim,xtof}@tbi.univie.ac.at"
| #define PACKAGE "SBML_odeSolver"
| #define VERSION "1.6.0"
| #ifdef __cplusplus
| extern "C" void exit (int);
| #endif
| #define USE_SBML 1
| #define OLD_LIBSBML 0
| #define USE_SUNDIALS_CVODE 1
| /* end confdefs.h.  */
| #include <grace_np.h>
| int
| main ()
| {
| GraceOpen(2048); GracePrintf("world xmax %g", 10.0); GraceClose();
|   ;
|   return 0;
| }
configure:4594: result: no:
                   CFLAGS=-g -O2 
                   LDFLAGS= 
                   LIBS= 
configure:4599: result: Can not link to GRACE Library!
configure:4601: result: odeSolver will be installed without XMGrace functionality
configure:4707: checking for dot
configure:4740: result: no
configure:4757: found Graphviz Library Version 
configure:4782: result: installed version of graphviz is too old!
configure:4784: result: disabling graphviz functionality!!!!!!!!!
configure:4873: result: :
                   CFLAGS=-g -O2
                   LDFLAGS=
                   LIBS=
configure:4878: result: Can not link to GRAPHVIZ Library
configure:4880: result: odeSolver will be installed without Graphviz functionality
configure:4961: checking for isnan in -lm
configure:4991: gcc -o conftest.exe    conftest.c -lm   >&5
conftest.c:26:6: warning: conflicting types for built-in function 'isnan'
configure:4997: $? = 0
configure:5001: test -z 
			 || test ! -s conftest.err
configure:5004: $? = 0
configure:5007: test -s conftest.exe
configure:5010: $? = 0
configure:5023: result: yes
configure:5037: checking for egrep
configure:5047: result: grep -E
configure:5052: checking for ANSI C header files
configure:5077: gcc -c   conftest.c >&5
configure:5083: $? = 0
configure:5087: test -z 
			 || test ! -s conftest.err
configure:5090: $? = 0
configure:5093: test -s conftest.o
configure:5096: $? = 0
configure:5185: gcc -o conftest.exe    conftest.c -lm  >&5
conftest.c: In function 'main':
conftest.c:37:7: warning: incompatible implicit declaration of built-in function 'exit'
configure:5188: $? = 0
configure:5190: ./conftest.exe
configure:5193: $? = 0
configure:5208: result: yes
configure:5232: checking for sys/types.h
configure:5248: gcc -c   conftest.c >&5
configure:5254: $? = 0
configure:5258: test -z 
			 || test ! -s conftest.err
configure:5261: $? = 0
configure:5264: test -s conftest.o
configure:5267: $? = 0
configure:5278: result: yes
configure:5232: checking for sys/stat.h
configure:5248: gcc -c   conftest.c >&5
configure:5254: $? = 0
configure:5258: test -z 
			 || test ! -s conftest.err
configure:5261: $? = 0
configure:5264: test -s conftest.o
configure:5267: $? = 0
configure:5278: result: yes
configure:5232: checking for stdlib.h
configure:5248: gcc -c   conftest.c >&5
configure:5254: $? = 0
configure:5258: test -z 
			 || test ! -s conftest.err
configure:5261: $? = 0
configure:5264: test -s conftest.o
configure:5267: $? = 0
configure:5278: result: yes
configure:5232: checking for string.h
configure:5248: gcc -c   conftest.c >&5
configure:5254: $? = 0
configure:5258: test -z 
			 || test ! -s conftest.err
configure:5261: $? = 0
configure:5264: test -s conftest.o
configure:5267: $? = 0
configure:5278: result: yes
configure:5232: checking for memory.h
configure:5248: gcc -c   conftest.c >&5
configure:5254: $? = 0
configure:5258: test -z 
			 || test ! -s conftest.err
configure:5261: $? = 0
configure:5264: test -s conftest.o
configure:5267: $? = 0
configure:5278: result: yes
configure:5232: checking for strings.h
configure:5248: gcc -c   conftest.c >&5
configure:5254: $? = 0
configure:5258: test -z 
			 || test ! -s conftest.err
configure:5261: $? = 0
configure:5264: test -s conftest.o
configure:5267: $? = 0
configure:5278: result: yes
configure:5232: checking for inttypes.h
configure:5248: gcc -c   conftest.c >&5
configure:5254: $? = 0
configure:5258: test -z 
			 || test ! -s conftest.err
configure:5261: $? = 0
configure:5264: test -s conftest.o
configure:5267: $? = 0
configure:5278: result: yes
configure:5232: checking for stdint.h
configure:5248: gcc -c   conftest.c >&5
configure:5254: $? = 0
configure:5258: test -z 
			 || test ! -s conftest.err
configure:5261: $? = 0
configure:5264: test -s conftest.o
configure:5267: $? = 0
configure:5278: result: yes
configure:5232: checking for unistd.h
configure:5248: gcc -c   conftest.c >&5
configure:5254: $? = 0
configure:5258: test -z 
			 || test ! -s conftest.err
configure:5261: $? = 0
configure:5264: test -s conftest.o
configure:5267: $? = 0
configure:5278: result: yes
configure:5304: checking errno.h usability
configure:5316: gcc -c   conftest.c >&5
configure:5322: $? = 0
configure:5326: test -z 
			 || test ! -s conftest.err
configure:5329: $? = 0
configure:5332: test -s conftest.o
configure:5335: $? = 0
configure:5345: result: yes
configure:5349: checking errno.h presence
configure:5359: gcc -E  conftest.c
configure:5365: $? = 0
configure:5385: result: yes
configure:5420: checking for errno.h
configure:5427: result: yes
configure:5454: checking math.h usability
configure:5466: gcc -c   conftest.c >&5
configure:5472: $? = 0
configure:5476: test -z 
			 || test ! -s conftest.err
configure:5479: $? = 0
configure:5482: test -s conftest.o
configure:5485: $? = 0
configure:5495: result: yes
configure:5499: checking math.h presence
configure:5509: gcc -E  conftest.c
configure:5515: $? = 0
configure:5535: result: yes
configure:5570: checking for math.h
configure:5577: result: yes
configure:5592: checking whether byte ordering is bigendian
configure:5619: gcc -c   conftest.c >&5
configure:5625: $? = 0
configure:5629: test -z 
			 || test ! -s conftest.err
configure:5632: $? = 0
configure:5635: test -s conftest.o
configure:5638: $? = 0
configure:5662: gcc -c   conftest.c >&5
conftest.c: In function 'main':
conftest.c:39:2: error: 'not' undeclared (first use in this function)
conftest.c:39:2: note: each undeclared identifier is reported only once for each function it appears in
conftest.c:39:6: error: expected ';' before 'big'
configure:5668: $? = 1
configure: failed program was:
| /* confdefs.h.  */
| 
| #define PACKAGE_NAME "odeSolver"
| #define PACKAGE_TARNAME "SBML_odeSolver"
| #define PACKAGE_VERSION "1.6.0"
| #define PACKAGE_STRING "odeSolver 1.6.0"
| #define PACKAGE_BUGREPORT "{raim,xtof}@tbi.univie.ac.at"
| #define PACKAGE "SBML_odeSolver"
| #define VERSION "1.6.0"
| #ifdef __cplusplus
| extern "C" void exit (int);
| #endif
| #define USE_SBML 1
| #define OLD_LIBSBML 0
| #define USE_SUNDIALS_CVODE 1
| #define USE_GRACE 0
| #define USE_GRAPHVIZ 0
| #define HAVE_LIBM 1
| #define STDC_HEADERS 1
| #define HAVE_SYS_TYPES_H 1
| #define HAVE_SYS_STAT_H 1
| #define HAVE_STDLIB_H 1
| #define HAVE_STRING_H 1
| #define HAVE_MEMORY_H 1
| #define HAVE_STRINGS_H 1
| #define HAVE_INTTYPES_H 1
| #define HAVE_STDINT_H 1
| #define HAVE_UNISTD_H 1
| #define HAVE_ERRNO_H 1
| #define HAVE_MATH_H 1
| /* end confdefs.h.  */
| #include <sys/types.h>
| #include <sys/param.h>
| 
| int
| main ()
| {
| #if BYTE_ORDER != BIG_ENDIAN
|  not big endian
| #endif
| 
|   ;
|   return 0;
| }
configure:5803: result: no
configure:5822: checking for an ANSI C-conforming const
configure:5889: gcc -c   conftest.c >&5
configure:5895: $? = 0
configure:5899: test -z 
			 || test ! -s conftest.err
configure:5902: $? = 0
configure:5905: test -s conftest.o
configure:5908: $? = 0
configure:5919: result: yes
configure:5929: checking for size_t
configure:5953: gcc -c   conftest.c >&5
configure:5959: $? = 0
configure:5963: test -z 
			 || test ! -s conftest.err
configure:5966: $? = 0
configure:5969: test -s conftest.o
configure:5972: $? = 0
configure:5983: result: yes
configure:6156: creating ./config.status

## ---------------------- ##
## Running config.status. ##
## ---------------------- ##

This file was extended by odeSolver config.status 1.6.0, which was
generated by GNU Autoconf 2.59.  Invocation command line was

  CONFIG_FILES    = 
  CONFIG_HEADERS  = 
  CONFIG_LINKS    = 
  CONFIG_COMMANDS = 
  $ ./config.status 

on piiswrong-PC

config.status:743: creating ./Makefile
config.status:743: creating examples/Makefile
config.status:743: creating odeSolver/Makefile
config.status:743: creating src/Makefile
config.status:743: creating src/libODES.pc
config.status:743: creating bindings/Makefile
config.status:743: creating bindings/swig/Makefile
config.status:743: creating bindings/perl/Makefile
config.status:743: creating bindings/perl/Makefile.PL
config.status:847: creating src/sbmlsolver/config.h
config.status:969: src/sbmlsolver/config.h is unchanged
config.status:1149: executing depfiles commands

## ---------------- ##
## Cache variables. ##
## ---------------- ##

ac_cv_build=i686-pc-mingw32
ac_cv_build_alias=i686-pc-mingw32
ac_cv_c_bigendian=no
ac_cv_c_compiler_gnu=yes
ac_cv_c_const=yes
ac_cv_cxx_compiler_gnu=yes
ac_cv_env_CC_set=
ac_cv_env_CC_value=
ac_cv_env_CFLAGS_set=
ac_cv_env_CFLAGS_value=
ac_cv_env_CPPFLAGS_set=
ac_cv_env_CPPFLAGS_value=
ac_cv_env_CPP_set=
ac_cv_env_CPP_value=
ac_cv_env_CXXFLAGS_set=
ac_cv_env_CXXFLAGS_value=
ac_cv_env_CXX_set=
ac_cv_env_CXX_value=
ac_cv_env_LDFLAGS_set=
ac_cv_env_LDFLAGS_value=
ac_cv_env_build_alias_set=
ac_cv_env_build_alias_value=
ac_cv_env_host_alias_set=
ac_cv_env_host_alias_value=
ac_cv_env_target_alias_set=
ac_cv_env_target_alias_value=
ac_cv_exeext=.exe
ac_cv_header_errno_h=yes
ac_cv_header_inttypes_h=yes
ac_cv_header_math_h=yes
ac_cv_header_memory_h=yes
ac_cv_header_stdc=yes
ac_cv_header_stdint_h=yes
ac_cv_header_stdlib_h=yes
ac_cv_header_string_h=yes
ac_cv_header_strings_h=yes
ac_cv_header_sys_stat_h=yes
ac_cv_header_sys_types_h=yes
ac_cv_header_unistd_h=yes
ac_cv_host=i686-pc-mingw32
ac_cv_host_alias=i686-pc-mingw32
ac_cv_lib_m_isnan=yes
ac_cv_objext=o
ac_cv_path_ACLOCAL=/mingw/bin/aclocal
ac_cv_path_AR=/mingw/bin/ar
ac_cv_path_AUTOCONF=/mingw/bin/autoconf
ac_cv_path_MAKE=/bin/make
ac_cv_path_PERL=/bin/perl
ac_cv_path_SWIG=swig
ac_cv_path_install='/bin/install -c'
ac_cv_prog_AWK=gawk
ac_cv_prog_CPP='gcc -E'
ac_cv_prog_ac_ct_CC=gcc
ac_cv_prog_ac_ct_CXX=g++
ac_cv_prog_ac_ct_RANLIB=ranlib
ac_cv_prog_cc_g=yes
ac_cv_prog_cc_stdc=
ac_cv_prog_cxx_g=yes
ac_cv_prog_egrep='grep -E'
ac_cv_prog_make_make_set=yes
ac_cv_type_size_t=yes
am_cv_CC_dependencies_compiler_type=gcc3
am_cv_CXX_dependencies_compiler_type=gcc3

## ----------------- ##
## Output variables. ##
## ----------------- ##

ACLOCAL='/mingw/bin/aclocal'
AMDEPBACKSLASH='\'
AMDEP_FALSE='#'
AMDEP_TRUE=''
AMTAR='${SHELL} /d/igame/git/lachesis/lib/SBML_odeSolver-1.6.0/SBML_odeSolver-1.6.0/config/missing --run tar'
AR='/mingw/bin/ar'
AUTOCONF='/mingw/bin/autoconf'
AUTOHEADER='${SHELL} /d/igame/git/lachesis/lib/SBML_odeSolver-1.6.0/SBML_odeSolver-1.6.0/config/missing --run autoheader'
AUTOMAKE='${SHELL} /d/igame/git/lachesis/lib/SBML_odeSolver-1.6.0/SBML_odeSolver-1.6.0/config/missing --run automake-1.9'
AWK='gawk'
CC='gcc'
CCDEPMODE='depmode=gcc3'
CFLAGS=''
CPP='gcc -E'
CPPFLAGS=''
CVODE_CFLAGS='-I/mingw/include'
CVODE_LDFLAGS='-L/mingw/lib'
CVODE_LIBS='-lsundials_kinsol -lsundials_cvodes -lsundials_cvode -lsundials_nvecserial -lsundials_shared'
CXX='g++'
CXXDEPMODE='depmode=gcc3'
CXXFLAGS='-g -O2'
CYGPATH_W='echo'
DEFS='-DHAVE_CONFIG_H'
DEPDIR='.deps'
DOT=''
ECHO_C=''
ECHO_N='-n'
ECHO_T=''
EGREP='grep -E'
EXEEXT='.exe'
GRACE_CFLAGS=''
GRACE_LDFLAGS=''
GRACE_LIBS=''
GRACE_RPATH=''
GRAPHVIZ_CFLAGS=''
GRAPHVIZ_LDFLAGS=''
GRAPHVIZ_LIBS=''
GRAPHVIZ_RPATH=''
HOST_TYPE=''
INSTALL_DATA='${INSTALL} -m 644'
INSTALL_PROGRAM='${INSTALL}'
INSTALL_SCRIPT='${INSTALL}'
INSTALL_STRIP_PROGRAM='${SHELL} $(install_sh) -c -s'
LDFLAGS=''
LIBOBJS=''
LIBS='-lm '
LTLIBOBJS=''
MAKE='/bin/make'
MAKEINFO='${SHELL} /d/igame/git/lachesis/lib/SBML_odeSolver-1.6.0/SBML_odeSolver-1.6.0/config/missing --run makeinfo'
MAKE_BINDINGS_FALSE=''
MAKE_BINDINGS_TRUE='#'
OBJEXT='o'
OLD_LIBSBML=''
PACKAGE='SBML_odeSolver'
PACKAGE_BUGREPORT='{raim,xtof}@tbi.univie.ac.at'
PACKAGE_NAME='odeSolver'
PACKAGE_STRING='odeSolver 1.6.0'
PACKAGE_TARNAME='SBML_odeSolver'
PACKAGE_VERSION='1.6.0'
PATH_SEPARATOR=':'
PERL='/bin/perl'
RANLIB='ranlib'
SBML_CFLAGS='-I/mingw/include -I/mingw/include/sbml'
SBML_LDFLAGS='-L/mingw/lib'
SBML_LIBS='-lsbml'
SBML_RPATH='-Wl,-rpath,/mingw/lib'
SET_MAKE=''
SHAREDLIBEXT=''
SHELL='/bin/sh'
STRIP=''
SWIG='swig'
TestDataDirectory='$(srcdir)'
USE_GRACE='0'
USE_GRAPHVIZ='0'
USE_SBML='1'
USE_SUNDIALS_CVODE='1'
VERSION='1.6.0'
ac_ct_CC='gcc'
ac_ct_CXX='g++'
ac_ct_RANLIB='ranlib'
ac_ct_STRIP=''
am__fastdepCC_FALSE='#'
am__fastdepCC_TRUE=''
am__fastdepCXX_FALSE='#'
am__fastdepCXX_TRUE=''
am__include='include'
am__leading_dot='.'
am__quote=''
am__tar='${AMTAR} chof - "$$tardir"'
am__untar='${AMTAR} xf -'
bindir='${exec_prefix}/bin'
build='i686-pc-mingw32'
build_alias=''
build_cpu='i686'
build_os='mingw32'
build_vendor='pc'
datadir='${prefix}/share'
exec_prefix='${prefix}'
host='i686-pc-mingw32'
host_alias=''
host_cpu='i686'
host_os='mingw32'
host_vendor='pc'
includedir='${prefix}/include'
infodir='${prefix}/info'
install_sh='/d/igame/git/lachesis/lib/SBML_odeSolver-1.6.0/SBML_odeSolver-1.6.0/config/install-sh'
libdir='${exec_prefix}/lib'
libexecdir='${exec_prefix}/libexec'
localstatedir='${prefix}/var'
mandir='${prefix}/man'
mkdir_p='mkdir -p --'
oldincludedir='/usr/include'
prefix='/mingw'
program_transform_name='s,x,x,'
sbindir='${exec_prefix}/sbin'
sharedstatedir='${prefix}/com'
sysconfdir='${prefix}/etc'
target_alias=''

## ----------- ##
## confdefs.h. ##
## ----------- ##

#define HAVE_ERRNO_H 1
#define HAVE_INTTYPES_H 1
#define HAVE_LIBM 1
#define HAVE_MATH_H 1
#define HAVE_MEMORY_H 1
#define HAVE_STDINT_H 1
#define HAVE_STDLIB_H 1
#define HAVE_STRINGS_H 1
#define HAVE_STRING_H 1
#define HAVE_SYS_STAT_H 1
#define HAVE_SYS_TYPES_H 1
#define HAVE_UNISTD_H 1
#define OLD_LIBSBML 0
#define PACKAGE "SBML_odeSolver"
#define PACKAGE_BUGREPORT "{raim,xtof}@tbi.univie.ac.at"
#define PACKAGE_NAME "odeSolver"
#define PACKAGE_STRING "odeSolver 1.6.0"
#define PACKAGE_TARNAME "SBML_odeSolver"
#define PACKAGE_VERSION "1.6.0"
#define STDC_HEADERS 1
#define USE_GRACE 0
#define USE_GRAPHVIZ 0
#define USE_SBML 1
#define USE_SUNDIALS_CVODE 1
#define VERSION "1.6.0"
#endif
#ifdef __cplusplus
extern "C" void exit (int);

configure: exit 0
